<?xml version="1.0" encoding="UTF-8"?>
<!-- Generated by org.testng.reporters.JUnitXMLReporter -->
<testsuite ignored="0" hostname="DESKTOP-LT639V1" failures="0" tests="4" name="Surefire test" time="43.467" errors="0" timestamp="2023-04-30T16:08:33 IST">
  <testcase classname="Test.ArkFramWork.LoginTest" name="login" time="8.25"/>
  <testcase classname="Test.ArkFramWork.LoginTest" name="login" time="18.402"/>
  <testcase classname="Test.ArkFramWork.ThreeTest" name="threeTest" time="0.001"/>
  <testcase classname="Test.ArkFramWork.TwoTest" name="twoTest" time="0.002"/>
</testsuite> <!-- Surefire test -->
