<?xml version="1.0" encoding="UTF-8"?>
<!-- Generated by org.testng.reporters.JUnitXMLReporter -->
<testsuite ignored="0" hostname="DESKTOP-LT639V1" failures="0" tests="4" name="Test" time="44.473" errors="0" timestamp="2023-04-30T16:06:30 IST">
  <testcase classname="Test.ArkFramWork.TwoTest" name="twoTest" time="0.019"/>
  <testcase classname="Test.ArkFramWork.LoginTest" name="login" time="8.219"/>
  <testcase classname="Test.ArkFramWork.LoginTest" name="login" time="18.89"/>
  <testcase classname="Test.ArkFramWork.ThreeTest" name="threeTest" time="0.003"/>
</testsuite> <!-- Test -->
