<?xml version="1.0" encoding="UTF-8"?>
<!-- Generated by org.testng.reporters.JUnitXMLReporter -->
<testsuite ignored="0" hostname="DESKTOP-LT639V1" failures="1" tests="1" name="TestModuletwo" time="6.148" errors="0" timestamp="2023-04-30T21:05:00 IST">
  <testcase classname="Test.ArkFramWork.ThreeTest" name="openUrl" time="4.29">
    <failure type="java.lang.AssertionError" message="expected [true] but found [false]">
      <![CDATA[java.lang.AssertionError: expected [true] but found [false]
at Test.ArkFramWork.ThreeTest.openUrl(ThreeTest.java:24)
at java.base/java.util.concurrent.ThreadPoolExecutor.runWorker(ThreadPoolExecutor.java:1136)
at java.base/java.util.concurrent.ThreadPoolExecutor$Worker.run(ThreadPoolExecutor.java:635)
at java.base/java.lang.Thread.run(Thread.java:833)
... Removed 16 stack frames]]>
    </failure>
  </testcase> <!-- openUrl -->
</testsuite> <!-- TestModuletwo -->
