<?xml version="1.0" encoding="UTF-8"?>
<!-- Generated by org.testng.reporters.JUnitXMLReporter -->
<testsuite ignored="0" hostname="DESKTOP-LT639V1" failures="2" tests="4" name="Test" time="61.134" errors="0" timestamp="2023-04-30T23:29:15 IST">
  <testcase classname="Test.ArkFramWork.LoginTest" name="login" time="8.319"/>
  <testcase classname="Test.ArkFramWork.LoginTest" name="login" time="18.061">
    <failure type="java.lang.AssertionError" message="expected [true] but found [false]">
      <![CDATA[java.lang.AssertionError: expected [true] but found [false]
at Test.ArkFramWork.LoginTest.login(LoginTest.java:62)
at java.base/java.util.ArrayList.forEach(ArrayList.java:1511)
... Removed 31 stack frames]]>
    </failure>
  </testcase> <!-- login -->
  <testcase classname="Test.ArkFramWork.TwoTest" name="twoTest" time="7.996"/>
  <testcase classname="Test.ArkFramWork.ThreeTest" name="threeTest" time="7.482">
    <failure type="java.lang.AssertionError" message="expected [true] but found [false]">
      <![CDATA[java.lang.AssertionError: expected [true] but found [false]
at Test.ArkFramWork.ThreeTest.threeTest(ThreeTest.java:24)
at java.base/java.util.ArrayList.forEach(ArrayList.java:1511)
... Removed 31 stack frames]]>
    </failure>
  </testcase> <!-- threeTest -->
</testsuite> <!-- Test -->
