<?xml version="1.0" encoding="UTF-8"?>
<testng-results ignored="0" total="4" passed="4" failed="0" skipped="0">
  <reporter-output>
  </reporter-output>
  <suite started-at="2023-04-30T17:41:47 IST" name="Suite" finished-at="2023-04-30T17:42:35 IST" duration-ms="48897">
    <groups>
    </groups>
    <test started-at="2023-04-30T17:41:47 IST" name="Test" finished-at="2023-04-30T17:42:35 IST" duration-ms="48897">
      <class name="Test.ArkFramWork.LoginTest">
        <test-method is-config="true" signature="openUrl()[pri:0, instance:Test.ArkFramWork.LoginTest@7ef82753]" started-at="2023-04-30T17:41:47 IST" name="openUrl" finished-at="2023-04-30T17:42:01 IST" duration-ms="14247" status="PASS">
          <reporter-output>
          </reporter-output>
        </test-method> <!-- openUrl -->
        <test-method signature="login(java.lang.String,java.lang.String,java.lang.String)[pri:0, instance:Test.ArkFramWork.LoginTest@7ef82753]" started-at="2023-04-30T17:42:01 IST" name="login" data-provider="getLoginData" finished-at="2023-04-30T17:42:09 IST" duration-ms="8360" status="PASS">
          <params>
            <param index="0">
              <value>
                <![CDATA[veer@gmail.com]]>
              </value>
            </param>
            <param index="1">
              <value>
                <![CDATA[12345]]>
              </value>
            </param>
            <param index="2">
              <value>
                <![CDATA[Successfull]]>
              </value>
            </param>
          </params>
          <reporter-output>
          </reporter-output>
        </test-method> <!-- login -->
        <test-method is-config="true" signature="tearDown()[pri:0, instance:Test.ArkFramWork.LoginTest@7ef82753]" started-at="2023-04-30T17:42:09 IST" name="tearDown" finished-at="2023-04-30T17:42:10 IST" duration-ms="236" status="PASS">
          <reporter-output>
          </reporter-output>
        </test-method> <!-- tearDown -->
        <test-method is-config="true" signature="openUrl()[pri:0, instance:Test.ArkFramWork.LoginTest@7ef82753]" started-at="2023-04-30T17:42:10 IST" name="openUrl" finished-at="2023-04-30T17:42:17 IST" duration-ms="7770" status="PASS">
          <reporter-output>
          </reporter-output>
        </test-method> <!-- openUrl -->
        <test-method signature="login(java.lang.String,java.lang.String,java.lang.String)[pri:0, instance:Test.ArkFramWork.LoginTest@7ef82753]" started-at="2023-04-30T17:42:17 IST" name="login" data-provider="getLoginData" finished-at="2023-04-30T17:42:35 IST" duration-ms="17835" status="PASS">
          <params>
            <param index="0">
              <value>
                <![CDATA[vejyar@gmail.com]]>
              </value>
            </param>
            <param index="1">
              <value>
                <![CDATA[45676]]>
              </value>
            </param>
            <param index="2">
              <value>
                <![CDATA[faliure]]>
              </value>
            </param>
          </params>
          <reporter-output>
          </reporter-output>
        </test-method> <!-- login -->
        <test-method is-config="true" signature="tearDown()[pri:0, instance:Test.ArkFramWork.LoginTest@7ef82753]" started-at="2023-04-30T17:42:35 IST" name="tearDown" finished-at="2023-04-30T17:42:35 IST" duration-ms="256" status="PASS">
          <reporter-output>
          </reporter-output>
        </test-method> <!-- tearDown -->
      </class> <!-- Test.ArkFramWork.LoginTest -->
      <class name="Test.ArkFramWork.ThreeTest">
        <test-method signature="threeTest()[pri:0, instance:Test.ArkFramWork.ThreeTest@4681c175]" started-at="2023-04-30T17:42:35 IST" name="threeTest" finished-at="2023-04-30T17:42:35 IST" duration-ms="1" status="PASS">
          <reporter-output>
          </reporter-output>
        </test-method> <!-- threeTest -->
      </class> <!-- Test.ArkFramWork.ThreeTest -->
      <class name="Test.ArkFramWork.TwoTest">
        <test-method signature="twoTest()[pri:0, instance:Test.ArkFramWork.TwoTest@4b741d6d]" started-at="2023-04-30T17:41:47 IST" name="twoTest" finished-at="2023-04-30T17:41:47 IST" duration-ms="19" status="PASS">
          <reporter-output>
          </reporter-output>
        </test-method> <!-- twoTest -->
      </class> <!-- Test.ArkFramWork.TwoTest -->
    </test> <!-- Test -->
  </suite> <!-- Suite -->
</testng-results>
