<?xml version="1.0" encoding="UTF-8"?>
<testng-results ignored="0" total="4" passed="4" failed="0" skipped="0">
  <reporter-output>
  </reporter-output>
  <suite started-at="2023-04-30T16:07:50 IST" name="Surefire suite" finished-at="2023-04-30T16:08:33 IST" duration-ms="43467">
    <groups>
    </groups>
    <test started-at="2023-04-30T16:07:50 IST" name="Surefire test" finished-at="2023-04-30T16:08:33 IST" duration-ms="43467">
      <class name="Test.ArkFramWork.LoginTest">
        <test-method is-config="true" signature="openUrl()[pri:0, instance:Test.ArkFramWork.LoginTest@5fd4f8f5]" started-at="2023-04-30T16:07:50 IST" name="openUrl" finished-at="2023-04-30T16:08:01 IST" duration-ms="10773" status="PASS">
          <reporter-output>
          </reporter-output>
        </test-method> <!-- openUrl -->
        <test-method signature="login(java.lang.String,java.lang.String,java.lang.String)[pri:0, instance:Test.ArkFramWork.LoginTest@5fd4f8f5]" started-at="2023-04-30T16:08:01 IST" name="login" data-provider="getLoginData" finished-at="2023-04-30T16:08:09 IST" duration-ms="8250" status="PASS">
          <params>
            <param index="0">
              <value>
                <![CDATA[veer@gmail.com]]>
              </value>
            </param>
            <param index="1">
              <value>
                <![CDATA[12345]]>
              </value>
            </param>
            <param index="2">
              <value>
                <![CDATA[Successfull]]>
              </value>
            </param>
          </params>
          <reporter-output>
          </reporter-output>
        </test-method> <!-- login -->
        <test-method is-config="true" signature="tearDown()[pri:0, instance:Test.ArkFramWork.LoginTest@5fd4f8f5]" started-at="2023-04-30T16:08:09 IST" name="tearDown" finished-at="2023-04-30T16:08:09 IST" duration-ms="267" status="PASS">
          <reporter-output>
          </reporter-output>
        </test-method> <!-- tearDown -->
        <test-method is-config="true" signature="openUrl()[pri:0, instance:Test.ArkFramWork.LoginTest@5fd4f8f5]" started-at="2023-04-30T16:08:09 IST" name="openUrl" finished-at="2023-04-30T16:08:15 IST" duration-ms="5417" status="PASS">
          <reporter-output>
          </reporter-output>
        </test-method> <!-- openUrl -->
        <test-method signature="login(java.lang.String,java.lang.String,java.lang.String)[pri:0, instance:Test.ArkFramWork.LoginTest@5fd4f8f5]" started-at="2023-04-30T16:08:15 IST" name="login" data-provider="getLoginData" finished-at="2023-04-30T16:08:33 IST" duration-ms="18402" status="PASS">
          <params>
            <param index="0">
              <value>
                <![CDATA[vejyar@gmail.com]]>
              </value>
            </param>
            <param index="1">
              <value>
                <![CDATA[45676]]>
              </value>
            </param>
            <param index="2">
              <value>
                <![CDATA[faliure]]>
              </value>
            </param>
          </params>
          <reporter-output>
          </reporter-output>
        </test-method> <!-- login -->
        <test-method is-config="true" signature="tearDown()[pri:0, instance:Test.ArkFramWork.LoginTest@5fd4f8f5]" started-at="2023-04-30T16:08:33 IST" name="tearDown" finished-at="2023-04-30T16:08:33 IST" duration-ms="186" status="PASS">
          <reporter-output>
          </reporter-output>
        </test-method> <!-- tearDown -->
      </class> <!-- Test.ArkFramWork.LoginTest -->
      <class name="Test.ArkFramWork.ThreeTest">
        <test-method signature="threeTest()[pri:0, instance:Test.ArkFramWork.ThreeTest@3d6f0054]" started-at="2023-04-30T16:08:33 IST" name="threeTest" finished-at="2023-04-30T16:08:33 IST" duration-ms="1" status="PASS">
          <reporter-output>
          </reporter-output>
        </test-method> <!-- threeTest -->
      </class> <!-- Test.ArkFramWork.ThreeTest -->
      <class name="Test.ArkFramWork.TwoTest">
        <test-method signature="twoTest()[pri:0, instance:Test.ArkFramWork.TwoTest@505fc5a4]" started-at="2023-04-30T16:08:33 IST" name="twoTest" finished-at="2023-04-30T16:08:33 IST" duration-ms="2" status="PASS">
          <reporter-output>
          </reporter-output>
        </test-method> <!-- twoTest -->
      </class> <!-- Test.ArkFramWork.TwoTest -->
    </test> <!-- Surefire test -->
  </suite> <!-- Surefire suite -->
</testng-results>
