<?xml version="1.0" encoding="UTF-8"?>
<testng-results ignored="0" total="4" passed="4" failed="0" skipped="0">
  <reporter-output>
  </reporter-output>
  <suite started-at="2023-04-30T16:05:45 IST" name="Suite" finished-at="2023-04-30T16:06:30 IST" duration-ms="44473">
    <groups>
    </groups>
    <test started-at="2023-04-30T16:05:45 IST" name="Test" finished-at="2023-04-30T16:06:30 IST" duration-ms="44473">
      <class name="Test.ArkFramWork.LoginTest">
        <test-method is-config="true" signature="openUrl()[pri:0, instance:Test.ArkFramWork.LoginTest@2a265ea9]" started-at="2023-04-30T16:05:45 IST" name="openUrl" finished-at="2023-04-30T16:05:55 IST" duration-ms="9472" status="PASS">
          <reporter-output>
          </reporter-output>
        </test-method> <!-- openUrl -->
        <test-method signature="login(java.lang.String,java.lang.String,java.lang.String)[pri:0, instance:Test.ArkFramWork.LoginTest@2a265ea9]" started-at="2023-04-30T16:05:55 IST" name="login" data-provider="getLoginData" finished-at="2023-04-30T16:06:03 IST" duration-ms="8219" status="PASS">
          <params>
            <param index="0">
              <value>
                <![CDATA[veer@gmail.com]]>
              </value>
            </param>
            <param index="1">
              <value>
                <![CDATA[12345]]>
              </value>
            </param>
            <param index="2">
              <value>
                <![CDATA[Successfull]]>
              </value>
            </param>
          </params>
          <reporter-output>
          </reporter-output>
        </test-method> <!-- login -->
        <test-method is-config="true" signature="tearDown()[pri:0, instance:Test.ArkFramWork.LoginTest@2a265ea9]" started-at="2023-04-30T16:06:03 IST" name="tearDown" finished-at="2023-04-30T16:06:03 IST" duration-ms="380" status="PASS">
          <reporter-output>
          </reporter-output>
        </test-method> <!-- tearDown -->
        <test-method is-config="true" signature="openUrl()[pri:0, instance:Test.ArkFramWork.LoginTest@2a265ea9]" started-at="2023-04-30T16:06:03 IST" name="openUrl" finished-at="2023-04-30T16:06:10 IST" duration-ms="6406" status="PASS">
          <reporter-output>
          </reporter-output>
        </test-method> <!-- openUrl -->
        <test-method signature="login(java.lang.String,java.lang.String,java.lang.String)[pri:0, instance:Test.ArkFramWork.LoginTest@2a265ea9]" started-at="2023-04-30T16:06:10 IST" name="login" data-provider="getLoginData" finished-at="2023-04-30T16:06:29 IST" duration-ms="18890" status="PASS">
          <params>
            <param index="0">
              <value>
                <![CDATA[vejyar@gmail.com]]>
              </value>
            </param>
            <param index="1">
              <value>
                <![CDATA[45676]]>
              </value>
            </param>
            <param index="2">
              <value>
                <![CDATA[faliure]]>
              </value>
            </param>
          </params>
          <reporter-output>
          </reporter-output>
        </test-method> <!-- login -->
        <test-method is-config="true" signature="tearDown()[pri:0, instance:Test.ArkFramWork.LoginTest@2a265ea9]" started-at="2023-04-30T16:06:29 IST" name="tearDown" finished-at="2023-04-30T16:06:30 IST" duration-ms="918" status="PASS">
          <reporter-output>
          </reporter-output>
        </test-method> <!-- tearDown -->
      </class> <!-- Test.ArkFramWork.LoginTest -->
      <class name="Test.ArkFramWork.ThreeTest">
        <test-method signature="threeTest()[pri:0, instance:Test.ArkFramWork.ThreeTest@74e28667]" started-at="2023-04-30T16:06:30 IST" name="threeTest" finished-at="2023-04-30T16:06:30 IST" duration-ms="3" status="PASS">
          <reporter-output>
          </reporter-output>
        </test-method> <!-- threeTest -->
      </class> <!-- Test.ArkFramWork.ThreeTest -->
      <class name="Test.ArkFramWork.TwoTest">
        <test-method signature="twoTest()[pri:0, instance:Test.ArkFramWork.TwoTest@1a942c18]" started-at="2023-04-30T16:05:45 IST" name="twoTest" finished-at="2023-04-30T16:05:45 IST" duration-ms="19" status="PASS">
          <reporter-output>
          </reporter-output>
        </test-method> <!-- twoTest -->
      </class> <!-- Test.ArkFramWork.TwoTest -->
    </test> <!-- Test -->
  </suite> <!-- Suite -->
</testng-results>
